<?xml version="1.0" encoding="UTF-8"?>
<testsuite xmlns:xsi="http://www.w3.org/2001/XMLSchema-instance" xsi:noNamespaceSchemaLocation="https://maven.apache.org/surefire/maven-surefire-plugin/xsd/surefire-test-report.xsd" version="3.0.2" name="dev.victor.cicdspringaws.CicdspringawsApplicationTests" time="1.969" tests="1" errors="0" skipped="0" failures="0">
  <properties>
[...]
</properties>
  <testcase name="contextLoads" classname="dev.victor.cicdspringaws.CicdspringawsApplicationTests" time="0.593">
    <system-out><![CDATA[17:22:20.553 [main] INFO org.springframework.test.context.support.AnnotationConfigContextLoaderUtils -- Could not detect default configuration classes for test class [dev.victor.cicdspringaws.CicdspringawsApplicationTests]: CicdspringawsApplicationTests does not declare any static, non-private, non-final, nested classes annotated with @Configuration.
17:22:20.641 [main] INFO org.springframework.boot.test.context.SpringBootTestContextBootstrapper -- Found @SpringBootConfiguration dev.victor.cicdspringaws.CicdspringawsApplication for test class dev.victor.cicdspringaws.CicdspringawsApplicationTests

  .   ____          _            __ _ _
 /\\ / ___'_ __ _ _(_)_ __  __ _ \ \ \ \
( ( )\___ | '_ | '_| | '_ \/ _` | \ \ \ \
 \\/  ___)| |_)| | | | | || (_| |  ) ) ) )
  '  |____| .__|_| |_|_| |_\__, | / / / /
 =========|_|==============|___/=/_/_/_/

 :: Spring Boot ::                (v3.4.0)

2024-11-22T17:22:20.851-05:00  INFO 42704 --- [cicdspringaws] [           main] d.v.c.CicdspringawsApplicationTests      : Starting CicdspringawsApplicationTests using Java 23 with PID 42704 (started by vrumansk in /Users/vrumansk/Downloads/cicdpipeline)
2024-11-22T17:22:20.851-05:00  INFO 42704 --- [cicdspringaws] [           main] d.v.c.CicdspringawsApplicationTests      : No active profile set, falling back to 1 default profile: "default"
2024-11-22T17:22:21.671-05:00  INFO 42704 --- [cicdspringaws] [           main] o.s.b.a.e.web.EndpointLinksResolver      : Exposing 1 endpoint beneath base path '/actuator'
2024-11-22T17:22:21.711-05:00  INFO 42704 --- [cicdspringaws] [           main] d.v.c.CicdspringawsApplicationTests      : Started CicdspringawsApplicationTests in 0.996 seconds (process running for 1.624)
]]></system-out>
    <system-err><![CDATA[Mockito is currently self-attaching to enable the inline-mock-maker. This will no longer work in future releases of the JDK. Please add Mockito as an agent to your build what is described in Mockito's documentation: https://javadoc.io/doc/org.mockito/mockito-core/latest/org/mockito/Mockito.html#0.3
WARNING: A Java agent has been loaded dynamically (/Users/vrumansk/.m2/repository/net/bytebuddy/byte-buddy-agent/1.15.10/byte-buddy-agent-1.15.10.jar)
WARNING: If a serviceability tool is in use, please run with -XX:+EnableDynamicAgentLoading to hide this warning
WARNING: If a serviceability tool is not in use, please run with -Djdk.instrument.traceUsage for more information
WARNING: Dynamic loading of agents will be disallowed by default in a future release
]]></system-err>
  </testcase>
</testsuite>